d:\skydrive\documents\_computer science\c++\files on github\hack\hack\debug\hack.pch
d:\skydrive\documents\_computer science\c++\files on github\hack\hack\debug\vc120.pdb
d:\skydrive\documents\_computer science\c++\files on github\hack\hack\debug\vc120.idb
d:\skydrive\documents\_computer science\c++\files on github\hack\hack\debug\stdafx.obj
d:\skydrive\documents\_computer science\c++\files on github\hack\hack\debug\account.obj
d:\skydrive\documents\_computer science\c++\files on github\hack\hack\debug\chatroom.obj
d:\skydrive\documents\_computer science\c++\files on github\hack\hack\debug\command_catalog.obj
d:\skydrive\documents\_computer science\c++\files on github\hack\hack\debug\dialog.obj
d:\skydrive\documents\_computer science\c++\files on github\hack\hack\debug\game_core.obj
d:\skydrive\documents\_computer science\c++\files on github\hack\hack\debug\hack.obj
d:\skydrive\documents\_computer science\c++\files on github\hack\hack\debug\inbox.obj
d:\skydrive\documents\_computer science\c++\files on github\hack\hack\debug\mail.obj
d:\skydrive\documents\_computer science\c++\files on github\hack\hack\debug\mailbox.obj
d:\skydrive\documents\_computer science\c++\files on github\hack\hack\debug\menu.obj
d:\skydrive\documents\_computer science\c++\files on github\hack\hack\debug\outbox.obj
d:\skydrive\documents\_computer science\c++\files on github\hack\hack\debug\plugin.obj
d:\skydrive\documents\_computer science\c++\files on github\hack\hack\debug\surveilant.obj
d:\skydrive\documents\_computer science\c++\files on github\hack\hack\debug\sys.obj
d:\skydrive\documents\_computer science\c++\files on github\hack\hack\debug\task_menu.obj
d:\skydrive\documents\_computer science\c++\files on github\hack\hack\debug\tracker.obj
d:\skydrive\documents\_computer science\c++\files on github\hack\debug\hack.ilk
d:\skydrive\documents\_computer science\c++\files on github\hack\debug\hack.exe
d:\skydrive\documents\_computer science\c++\files on github\hack\debug\hack.pdb
d:\skydrive\documents\_computer science\c++\files on github\hack\hack\debug\hack.tlog\cl.command.1.tlog
d:\skydrive\documents\_computer science\c++\files on github\hack\hack\debug\hack.tlog\cl.read.1.tlog
d:\skydrive\documents\_computer science\c++\files on github\hack\hack\debug\hack.tlog\cl.write.1.tlog
d:\skydrive\documents\_computer science\c++\files on github\hack\hack\debug\hack.tlog\link.command.1.tlog
d:\skydrive\documents\_computer science\c++\files on github\hack\hack\debug\hack.tlog\link.read.1.tlog
d:\skydrive\documents\_computer science\c++\files on github\hack\hack\debug\hack.tlog\link.write.1.tlog
